<?xml version="1.0" encoding="UTF-8"?>
<testsuite xmlns:xsi="http://www.w3.org/2001/XMLSchema-instance" xsi:noNamespaceSchemaLocation="https://maven.apache.org/surefire/maven-surefire-plugin/xsd/surefire-test-report.xsd" version="3.0.2" name="com.plus33.erp.finance.controller.PaymentControllerIntegrationTest" time="70.865" tests="1" errors="0" skipped="0" failures="1" flakes="0">
  <properties>
[...]
</properties>
  <testcase name="testPaymentWorkflowAndValidations" classname="com.plus33.erp.finance.controller.PaymentControllerIntegrationTest" time="5.698">
    <failure message="PLUS33_GLOBAL not found" type="java.lang.AssertionError"><![CDATA[java.lang.AssertionError: PLUS33_GLOBAL not found
	at com.plus33.erp.finance.controller.PaymentControllerIntegrationTest.lambda$testPaymentWorkflowAndValidations$0(PaymentControllerIntegrationTest.java:138)
	at java.base/java.util.Optional.orElseThrow(Optional.java:403)
	at com.plus33.erp.finance.controller.PaymentControllerIntegrationTest.testPaymentWorkflowAndValidations(PaymentControllerIntegrationTest.java:138)
]]></failure>
    <system-out><![CDATA[16:25:14.215 [main] INFO org.springframework.test.context.support.AnnotationConfigContextLoaderUtils -- Could not detect default configuration classes for test class [com.plus33.erp.finance.controller.PaymentControllerIntegrationTest]: PaymentControllerIntegrationTest does not declare any static, non-private, non-final, nested classes annotated with @Configuration.
16:25:14.816 [main] INFO org.springframework.boot.test.context.SpringBootTestContextBootstrapper -- Found @SpringBootConfiguration com.plus33.erp.Plus33ErpApplication for test class com.plus33.erp.finance.controller.PaymentControllerIntegrationTest
16:25:15.122 [main] INFO org.springframework.test.context.support.AnnotationConfigContextLoaderUtils -- Could not detect default configuration classes for test class [com.plus33.erp.finance.controller.PaymentControllerIntegrationTest]: PaymentControllerIntegrationTest does not declare any static, non-private, non-final, nested classes annotated with @Configuration.
16:25:15.133 [main] INFO org.springframework.boot.test.context.SpringBootTestContextBootstrapper -- Found @SpringBootConfiguration com.plus33.erp.Plus33ErpApplication for test class com.plus33.erp.finance.controller.PaymentControllerIntegrationTest
16:25:15.383 [main] INFO org.springframework.boot.devtools.restart.RestartApplicationListener -- Restart disabled due to context in which it is running

  .   ____          _            __ _ _
 /\\ / ___'_ __ _ _(_)_ __  __ _ \ \ \ \
( ( )\___ | '_ | '_| | '_ \/ _` | \ \ \ \
 \\/  ___)| |_)| | | | | || (_| |  ) ) ) )
  '  |____| .__|_| |_|_| |_\__, | / / / /
 =========|_|==============|___/=/_/_/_/

 :: Spring Boot ::       (v4.0.8-SNAPSHOT)

2026-07-13T16:25:16.173+05:30  INFO 336 --- [plus33-erp] [           main] p.e.f.c.PaymentControllerIntegrationTest : Starting PaymentControllerIntegrationTest using Java 17.0.17 with PID 336 (started by admin in D:\plus33\plus33-erp)
2026-07-13T16:25:16.176+05:30  INFO 336 --- [plus33-erp] [           main] p.e.f.c.PaymentControllerIntegrationTest : No active profile set, falling back to 1 default profile: "default"
2026-07-13T16:25:20.920+05:30  INFO 336 --- [plus33-erp] [           main] .s.d.r.c.RepositoryConfigurationDelegate : Bootstrapping Spring Data JPA repositories in DEFAULT mode.
2026-07-13T16:25:24.478+05:30  INFO 336 --- [plus33-erp] [           main] .s.d.r.c.RepositoryConfigurationDelegate : Finished Spring Data repository scanning in 3541 ms. Found 582 JPA repository interfaces.
2026-07-13T16:25:27.736+05:30  INFO 336 --- [plus33-erp] [           main] com.zaxxer.hikari.HikariDataSource       : HikariPool-1 - Starting...
2026-07-13T16:25:28.296+05:30  INFO 336 --- [plus33-erp] [           main] com.zaxxer.hikari.pool.HikariPool        : HikariPool-1 - Added connection org.postgresql.jdbc.PgConnection@5edce7da
2026-07-13T16:25:28.296+05:30  INFO 336 --- [plus33-erp] [           main] com.zaxxer.hikari.HikariDataSource       : HikariPool-1 - Start completed.
2026-07-13T16:25:28.380+05:30  INFO 336 --- [plus33-erp] [           main] org.flywaydb.core.FlywayExecutor         : Database: jdbc:postgresql://localhost:5432/plus33_erp (PostgreSQL 17.10)
2026-07-13T16:25:29.151+05:30  INFO 336 --- [plus33-erp] [           main] o.f.core.internal.command.DbMigrate      : Current version of schema "public": 395
2026-07-13T16:25:29.247+05:30  INFO 336 --- [plus33-erp] [           main] o.f.core.internal.command.DbMigrate      : Migrating schema "public" to version "396 - add regional warehouse admins"
2026-07-13T16:25:29.577+05:30  INFO 336 --- [plus33-erp] [           main] o.f.core.internal.command.DbMigrate      : Successfully applied 1 migration to schema "public", now at version v396 (execution time 00:00.258s)
2026-07-13T16:25:30.352+05:30  INFO 336 --- [plus33-erp] [           main] org.hibernate.orm.jpa                    : HHH008540: Processing PersistenceUnitInfo [name: default]
2026-07-13T16:25:30.561+05:30  INFO 336 --- [plus33-erp] [           main] org.hibernate.orm.core                   : HHH000001: Hibernate ORM core version 7.2.19.Final
2026-07-13T16:25:31.794+05:30  INFO 336 --- [plus33-erp] [           main] o.s.o.j.p.SpringPersistenceUnitInfo      : No LoadTimeWeaver setup: ignoring JPA class transformer
2026-07-13T16:25:31.959+05:30  INFO 336 --- [plus33-erp] [           main] org.hibernate.orm.connections.pooling    : HHH10001005: Database info:
	Database JDBC URL [jdbc:postgresql://localhost:5432/plus33_erp]
	Database driver: PostgreSQL JDBC Driver
	Database dialect: PostgreSQLDialect
	Database version: 17.10
	Default catalog/schema: plus33_erp/public
	Autocommit mode: undefined/unknown
	Isolation level: READ_COMMITTED [default READ_COMMITTED]
	JDBC fetch size: none
	Pool: DataSourceConnectionProvider
	Minimum pool size: undefined/unknown
	Maximum pool size: undefined/unknown
2026-07-13T16:25:44.127+05:30  INFO 336 --- [plus33-erp] [           main] org.hibernate.orm.core                   : HHH000489: No JTA platform available (set 'hibernate.transaction.jta.platform' to enable JTA platform integration)
2026-07-13T16:25:44.623+05:30  INFO 336 --- [plus33-erp] [           main] j.LocalContainerEntityManagerFactoryBean : Initialized JPA EntityManagerFactory for persistence unit 'default'
2026-07-13T16:25:45.444+05:30  INFO 336 --- [plus33-erp] [           main] o.s.d.j.r.query.QueryEnhancerFactories   : Hibernate is in classpath; If applicable, HQL parser will be used.
2026-07-13T16:25:52.255+05:30  INFO 336 --- [plus33-erp] [           main] eAuthenticationProviderManagerConfigurer : Global AuthenticationManager configured with AuthenticationProvider bean with name authenticationProvider
2026-07-13T16:25:52.255+05:30  WARN 336 --- [plus33-erp] [           main] r$InitializeUserDetailsManagerConfigurer : Global AuthenticationManager configured with an AuthenticationProvider bean. UserDetailsService beans will not be used by Spring Security for automatically configuring username/password login. Consider removing the AuthenticationProvider bean. Alternatively, consider using the UserDetailsService in a manually instantiated DaoAuthenticationProvider. If the current configuration is intentional, to turn off this warning, increase the logging level of 'org.springframework.security.config.annotation.authentication.configuration.InitializeUserDetailsBeanManagerConfigurer' to ERROR
2026-07-13T16:26:18.230+05:30  INFO 336 --- [plus33-erp] [           main] o.s.b.t.m.w.SpringBootMockServletContext : Initializing Spring TestDispatcherServlet ''
2026-07-13T16:26:18.230+05:30  INFO 336 --- [plus33-erp] [           main] o.s.t.web.servlet.TestDispatcherServlet  : Initializing Servlet ''
2026-07-13T16:26:18.260+05:30  INFO 336 --- [plus33-erp] [           main] o.s.b.a.e.web.EndpointLinksResolver      : Exposing 1 endpoint beneath base path '/actuator'
2026-07-13T16:26:18.267+05:30  INFO 336 --- [plus33-erp] [           main] o.s.t.web.servlet.TestDispatcherServlet  : Completed initialization in 37 ms
2026-07-13T16:26:18.718+05:30  INFO 336 --- [plus33-erp] [           main] p.e.f.c.PaymentControllerIntegrationTest : Started PaymentControllerIntegrationTest in 63.365 seconds (process running for 66.569)
2026-07-13T16:26:18.854+05:30  WARN 336 --- [plus33-erp] [           main] o.s.core.events.SpringDocAppInitializer  : SpringDoc /v3/api-docs endpoint is enabled by default. To disable it in production, set the property 'springdoc.api-docs.enabled=false'
2026-07-13T16:26:18.855+05:30  WARN 336 --- [plus33-erp] [           main] o.s.core.events.SpringDocAppInitializer  : SpringDoc /swagger-ui.html endpoint is enabled by default. To disable it in production, set the property 'springdoc.swagger-ui.enabled=false'
]]></system-out>
  </testcase>
</testsuite>