<?xml version="1.0" encoding="UTF-8"?>
<testsuite xmlns:xsi="http://www.w3.org/2001/XMLSchema-instance" xsi:noNamespaceSchemaLocation="https://maven.apache.org/surefire/maven-surefire-plugin/xsd/surefire-test-report.xsd" version="3.0.2" name="com.plus33.erp.SeedEmptyTablesTest" time="35.268" tests="1" errors="0" skipped="0" failures="0" flakes="0">
  <properties>
[...]
</properties>
  <testcase name="seedEmptyTables" classname="com.plus33.erp.SeedEmptyTablesTest" time="35.208">
    <system-out><![CDATA[Empty tables to seed: 168
[1] Seeded appointment_slots                                   5 rows
  [ROW-ERR] asset_categories row 1: ERROR: new row for relation "asset_categories" violates check constraint "chk_depr_method"
  Detail: Failing row contains (16, 3, C0100, Arabica, MANUAL, 15.00, 2026, 27, 27, 27, 27, 1750.50).
  [ROW-ERR] asset_categories row 2: ERROR: new row for relation "asset_categories" violates check constraint "chk_depr_method"
  Detail: Failing row contains (17, 3, C0200, Robusta, AUTO, 19.50, 2026, 28, 28, 28, 28, 2501.00).
  [ROW-ERR] asset_categories row 3: ERROR: new row for relation "asset_categories" violates check constraint "chk_depr_method"
  Detail: Failing row contains (18, 3, C0300, Espresso, API, 24.00, 2026, 27, 27, 27, 27, 3251.50).
  [ROW-ERR] asset_categories row 4: ERROR: new row for relation "asset_categories" violates check constraint "chk_depr_method"
  Detail: Failing row contains (19, 3, C0400, HouseBlend, IMPORT, 28.50, 2026, 28, 28, 28, 28, 4002.00).
  [ROW-ERR] asset_categories row 5: ERROR: new row for relation "asset_categories" violates check constraint "chk_depr_method"
  Detail: Failing row contains (20, 3, C0500, Origin, SYS, 33.00, 2026, 27, 27, 27, 27, 4752.50).
[SKIP] asset_categories
  [SKIP-FK] attendance.shift_id -> shifts (empty ref)
[SKIP] attendance
  [SKIP-FK] attendance_breaks.attendance_id -> attendance (empty ref)
[SKIP] attendance_breaks
  [SKIP-FK] attendance_corrections.attendance_id -> attendance (empty ref)
[SKIP] attendance_corrections
[2] Seeded attendance_sync_logs                                5 rows
  [SKIP-FK] bank_account_signatories.bank_account_id -> bank_accounts (empty ref)
[SKIP] bank_account_signatories
  [SKIP-FK] bank_accounts.branch_id -> bank_branches (empty ref)
[SKIP] bank_accounts
  [SKIP-FK] bank_branches.bank_id -> banks (empty ref)
[SKIP] bank_branches
  [SKIP-FK] bank_fee_rules.bank_account_id -> bank_accounts (empty ref)
[SKIP] bank_fee_rules
  [SKIP-FK] bank_relationships.bank_id -> banks (empty ref)
[SKIP] bank_relationships
  [SKIP-FK] bank_statement_lines.statement_id -> bank_statements (empty ref)
[SKIP] bank_statement_lines
  [SKIP-FK] bank_statements.bank_account_id -> bank_accounts (empty ref)
[SKIP] bank_statements
  [SKIP-FK] bank_virtual_accounts.parent_account_id -> bank_accounts (empty ref)
[SKIP] bank_virtual_accounts
[3] Seeded banks                                               5 rows
  [ROW-ERR] bi_ai_insight_generation row 1: ERROR: new row for relation "bi_ai_insight_generation" violates check constraint "bi_ai_insight_generation_feedback_rating_check"
  Detail: Failing row contains (16, C0100, 100, C0100, null, MANUAL, 15.00, Val_narrat_1, 2026-01-16 08:00:00, f, 100).
  [ROW-ERR] bi_ai_insight_generation row 2: ERROR: new row for relation "bi_ai_insight_generation" violates check constraint "bi_ai_insight_generation_feedback_rating_check"
  Detail: Failing row contains (17, C0200, 200, C0200, null, AUTO, 19.50, Val_narrat_2, 2026-01-31 08:00:00, t, 200).
  [ROW-ERR] bi_ai_insight_generation row 3: ERROR: new row for relation "bi_ai_insight_generation" violates check constraint "bi_ai_insight_generation_feedback_rating_check"
  Detail: Failing row contains (18, C0300, 300, C0300, null, API, 24.00, Val_narrat_3, 2026-02-15 08:00:00, f, 300).
  [ROW-ERR] bi_ai_insight_generation row 4: ERROR: new row for relation "bi_ai_insight_generation" violates check constraint "bi_ai_insight_generation_feedback_rating_check"
  Detail: Failing row contains (19, C0400, 400, C0400, null, IMPORT, 28.50, Val_narrat_4, 2026-03-02 08:00:00, t, 400).
  [ROW-ERR] bi_ai_insight_generation row 5: ERROR: new row for relation "bi_ai_insight_generation" violates check constraint "bi_ai_insight_generation_feedback_rating_check"
  Detail: Failing row contains (20, C0500, 500, C0500, null, SYS, 33.00, Val_narrat_5, 2026-03-17 08:00:00, f, 500).
[SKIP] bi_ai_insight_generation
[4] Seeded bi_forecast_accuracy_history                        5 rows
  [SKIP-FK] bi_forecast_prediction.run_id -> bi_forecast_run (empty ref)
[SKIP] bi_forecast_prediction
[5] Seeded bi_forecast_run                                     5 rows
  [SKIP-FK] budget_approvals.budget_id -> budgets (empty ref)
[SKIP] budget_approvals
  [SKIP-FK] budget_audit_logs.budget_id -> budgets (empty ref)
[SKIP] budget_audit_logs
  [SKIP-FK] budget_consumptions.budget_line_id -> budget_lines (empty ref)
[SKIP] budget_consumptions
  [SKIP-FK] budget_control_caches.budget_line_id -> budget_lines (empty ref)
[SKIP] budget_control_caches
  [SKIP-FK] budget_drivers.fiscal_year_id -> fiscal_years (empty ref)
[SKIP] budget_drivers
  [SKIP-FK] budget_lines.budget_id -> budgets (empty ref)
[SKIP] budget_lines
  [SKIP-FK] budget_reservations.budget_line_id -> budget_lines (empty ref)
[SKIP] budget_reservations
  [SKIP-FK] budget_revisions.budget_id -> budgets (empty ref)
[SKIP] budget_revisions
  [ROW-ERR] budget_snapshot_lines row 1: ERROR: insert or update on table "budget_snapshot_lines" violates foreign key constraint "fk_snap_lines_snapshot"
  Detail: Key (snapshot_id)=(6) is not present in table "budget_snapshots".
  [ROW-ERR] budget_snapshot_lines row 2: ERROR: insert or update on table "budget_snapshot_lines" violates foreign key constraint "fk_snap_lines_snapshot"
  Detail: Key (snapshot_id)=(7) is not present in table "budget_snapshots".
  [ROW-ERR] budget_snapshot_lines row 3: ERROR: insert or update on table "budget_snapshot_lines" violates foreign key constraint "fk_snap_lines_snapshot"
  Detail: Key (snapshot_id)=(8) is not present in table "budget_snapshots".
  [ROW-ERR] budget_snapshot_lines row 4: ERROR: insert or update on table "budget_snapshot_lines" violates foreign key constraint "fk_snap_lines_snapshot"
  Detail: Key (snapshot_id)=(9) is not present in table "budget_snapshots".
  [ROW-ERR] budget_snapshot_lines row 5: ERROR: insert or update on table "budget_snapshot_lines" violates foreign key constraint "fk_snap_lines_snapshot"
  Detail: Key (snapshot_id)=(10) is not present in table "budget_snapshots".
[SKIP] budget_snapshot_lines
  [SKIP-FK] budget_snapshots.budget_id -> budgets (empty ref)
[SKIP] budget_snapshots
  [SKIP-FK] budget_versions.budget_id -> budgets (empty ref)
[SKIP] budget_versions
  [SKIP-FK] budgets.fiscal_year_id -> fiscal_years (empty ref)
[SKIP] budgets
[6] Seeded capacity_plans                                      5 rows
  [SKIP-FK] cash_pool_members.pool_id -> cash_pools (empty ref)
[SKIP] cash_pool_members
  [SKIP-FK] cash_pools.header_account_id -> bank_accounts (empty ref)
[SKIP] cash_pools
  [SKIP-FK] cash_position_snapshot_lines.bank_account_id -> bank_accounts (empty ref)
[SKIP] cash_position_snapshot_lines
  [SKIP-FK] cash_transfers.source_bank_account_id -> bank_accounts (empty ref)
[SKIP] cash_transfers
[7] Seeded company_leave_policy_overrides                      5 rows
[8] Seeded company_treasury_policies                           5 rows
[9] Seeded country_work_policies                               5 rows
[10] Seeded crm_opportunities                                   5 rows
  [ROW-ERR] customer_invoice_items row 1: ERROR: ON CONFLICT does not support deferrable unique constraints/exclusion constraints as arbiters
  [ROW-ERR] customer_invoice_items row 2: ERROR: ON CONFLICT does not support deferrable unique constraints/exclusion constraints as arbiters
  [ROW-ERR] customer_invoice_items row 3: ERROR: ON CONFLICT does not support deferrable unique constraints/exclusion constraints as arbiters
  [ROW-ERR] customer_invoice_items row 4: ERROR: ON CONFLICT does not support deferrable unique constraints/exclusion constraints as arbiters
  [ROW-ERR] customer_invoice_items row 5: ERROR: ON CONFLICT does not support deferrable unique constraints/exclusion constraints as arbiters
[SKIP] customer_invoice_items
  [SKIP-FK] customer_return_items.customer_return_id -> customer_returns (empty ref)
[SKIP] customer_return_items
  [ROW-ERR] customer_returns row 1: ERROR: new row for relation "customer_returns" violates check constraint "chk_customer_returns_location"
  Detail: Failing row contains (16, 3, 101, 3815, 569, 4, 12, R-01001, 582536a7-3feb-477d-9ed0-d19db952b6d6, ACTIVE, Routine entry #1, Seed record #1 — Plus33 ERP., 207, 207, 207, 207, 207, 207, 2026-01-16 08:00:00, 2026-01-21 08:00:00, 2026-01-16 08:00:00, 2026-01-16 08:00:00, 2026-01-16 08:00:00, 2026-02-15 08:00:00, 2026-01-16 08:00:00, Routine entry #1, 100).
  [ROW-ERR] customer_returns row 2: ERROR: new row for relation "customer_returns" violates check constraint "chk_customer_returns_location"
  Detail: Failing row contains (17, 3, 101, 3815, 569, 6, 14, R-02002, a0e75185-fdb3-417d-994c-1390e5642d5c, PENDING, Routine entry #2, Seed record #2 — Plus33 ERP., 211, 211, 211, 211, 211, 211, 2026-01-31 08:00:00, 2026-02-05 08:00:00, 2026-01-31 08:00:00, 2026-01-31 08:00:00, 2026-01-31 08:00:00, 2026-03-02 08:00:00, 2026-01-31 08:00:00, Routine entry #2, 200).
  [ROW-ERR] customer_returns row 3: ERROR: new row for relation "customer_returns" violates check constraint "chk_customer_returns_location"
  Detail: Failing row contains (18, 3, 101, 3815, 569, 5, 13, R-03003, 04720274-9efe-4ec9-b767-b47fd19ec2cf, DONE, Routine entry #3, Seed record #3 — Plus33 ERP., 212, 212, 212, 212, 212, 212, 2026-02-15 08:00:00, 2026-02-20 08:00:00, 2026-02-15 08:00:00, 2026-02-15 08:00:00, 2026-02-15 08:00:00, 2026-03-17 08:00:00, 2026-02-15 08:00:00, Routine entry #3, 300).
  [ROW-ERR] customer_returns row 4: ERROR: new row for relation "customer_returns" violates check constraint "chk_customer_returns_location"
  Detail: Failing row contains (19, 3, 101, 3815, 569, 4, 15, R-04004, 913979a5-2937-4bb5-9017-ae3023aa1b38, APPROVED, Routine entry #4, Seed record #4 — Plus33 ERP., 213, 213, 213, 213, 213, 213, 2026-03-02 08:00:00, 2026-03-07 08:00:00, 2026-03-02 08:00:00, 2026-03-02 08:00:00, 2026-03-02 08:00:00, 2026-04-01 08:00:00, 2026-03-02 08:00:00, Routine entry #4, 400).
  [ROW-ERR] customer_returns row 5: ERROR: new row for relation "customer_returns" violates check constraint "chk_customer_returns_location"
  Detail: Failing row contains (20, 3, 101, 3815, 569, 6, 18, R-05005, ad18c756-9568-4ce0-a60c-a7012e863a35, CLOSED, Routine entry #5, Seed record #5 — Plus33 ERP., 214, 214, 214, 214, 214, 214, 2026-03-17 08:00:00, 2026-03-22 08:00:00, 2026-03-17 08:00:00, 2026-03-17 08:00:00, 2026-03-17 08:00:00, 2026-04-16 08:00:00, 2026-03-17 08:00:00, Routine entry #5, 500).
[SKIP] customer_returns
[11] Seeded cycle_count_plans                                   5 rows
  [SKIP-FK] cycle_count_results.task_id -> cycle_count_tasks (empty ref)
[SKIP] cycle_count_results
[12] Seeded cycle_count_tasks                                   5 rows
[13] Seeded dim_date                                            5 rows
[14] Seeded employee_leave_transactions                         5 rows
[15] Seeded employee_leave_year_summary                         5 rows
[16] Seeded employee_leaves                                     5 rows
  [SKIP-FK] employee_shifts.shift_id -> shifts (empty ref)
[SKIP] employee_shifts
  [ROW-ERR] exchange_rates row 1: ERROR: new row for relation "exchange_rates" violates check constraint "chk_rate_currencies_different"
  Detail: Failing row contains (16, 3, EUR, EUR, DEBIT, 15.000000, 2026-01-11).
  [ROW-ERR] exchange_rates row 2: ERROR: new row for relation "exchange_rates" violates check constraint "chk_rate_currencies_different"
  Detail: Failing row contains (17, 3, USD, USD, CREDIT, 19.500000, 2026-01-21).
  [ROW-ERR] exchange_rates row 3: ERROR: new row for relation "exchange_rates" violates check constraint "chk_rate_currencies_different"
  Detail: Failing row contains (18, 3, GBP, GBP, TRANSFER, 24.000000, 2026-01-31).
  [ROW-ERR] exchange_rates row 4: ERROR: new row for relation "exchange_rates" violates check constraint "chk_rate_currencies_different"
  Detail: Failing row contains (19, 3, INR, INR, ADJUSTMENT, 28.500000, 2026-02-10).
  [ROW-ERR] exchange_rates row 5: ERROR: new row for relation "exchange_rates" violates check constraint "chk_rate_currencies_different"
  Detail: Failing row contains (20, 3, AED, AED, REVERSAL, 33.000000, 2026-02-20).
[SKIP] exchange_rates
[17] Seeded fact_crm                                            5 rows
[18] Seeded fact_finance                                        5 rows
[19] Seeded fact_grc                                            5 rows
[20] Seeded fact_hcm                                            5 rows
[21] Seeded fact_inventory                                      5 rows
[22] Seeded fact_manufacturing                                  5 rows
[23] Seeded fact_payroll                                        5 rows
[24] Seeded fact_procurement                                    5 rows
[25] Seeded fact_project_financials                             5 rows
[26] Seeded fact_sales                                          5 rows
  [ROW-ERR] fiscal_years row 1: ERROR: new row for relation "fiscal_years" violates check constraint "chk_fy_status"
  Detail: Failing row contains (17, 3, 2026, 2026-01-11, 2026-03-12, ACTIVE, null, null, Val_closed_1, 2026-02-15 08:00:00).
  [ROW-ERR] fiscal_years row 2: ERROR: new row for relation "fiscal_years" violates check constraint "chk_fy_status"
  Detail: Failing row contains (18, 3, 2026, 2026-01-21, 2026-03-22, PENDING, null, null, Val_closed_2, 2026-03-02 08:00:00).
  [ROW-ERR] fiscal_years row 3: ERROR: new row for relation "fiscal_years" violates check constraint "chk_fy_status"
  Detail: Failing row contains (19, 3, 2026, 2026-01-31, 2026-04-01, DONE, null, null, Val_closed_3, 2026-03-17 08:00:00).
  [ROW-ERR] fiscal_years row 4: ERROR: new row for relation "fiscal_years" violates check constraint "chk_fy_status"
  Detail: Failing row contains (20, 3, 2026, 2026-02-10, 2026-04-11, APPROVED, null, null, Val_closed_4, 2026-04-01 08:00:00).
[27] Seeded fiscal_years                                        1 rows
  [SKIP-FK] fixed_asset_assignments.fixed_asset_id -> fixed_assets (empty ref)
[SKIP] fixed_asset_assignments
  [SKIP-FK] fixed_asset_attachment_versions.attachment_id -> fixed_asset_attachments (empty ref)
[SKIP] fixed_asset_attachment_versions
  [SKIP-FK] fixed_asset_attachments.fixed_asset_id -> fixed_assets (empty ref)
[SKIP] fixed_asset_attachments
  [SKIP-FK] fixed_asset_audit_items.audit_id -> fixed_asset_audits (empty ref)
[SKIP] fixed_asset_audit_items
  [ROW-ERR] fixed_asset_audits row 1: ERROR: new row for relation "fixed_asset_audits" violates check constraint "chk_audit_status"
  Detail: Failing row contains (16, 3, 2026-01-11, Arabica, 4, 12, 2026-01-16 08:00:00, ACTIVE).
  [ROW-ERR] fixed_asset_audits row 2: ERROR: new row for relation "fixed_asset_audits" violates check constraint "chk_audit_status"
  Detail: Failing row contains (17, 3, 2026-01-21, Robusta, 6, 14, 2026-01-31 08:00:00, PENDING).
  [ROW-ERR] fixed_asset_audits row 3: ERROR: new row for relation "fixed_asset_audits" violates check constraint "chk_audit_status"
  Detail: Failing row contains (18, 3, 2026-01-31, Espresso, 5, 13, 2026-02-15 08:00:00, DONE).
  [ROW-ERR] fixed_asset_audits row 4: ERROR: new row for relation "fixed_asset_audits" violates check constraint "chk_audit_status"
  Detail: Failing row contains (19, 3, 2026-02-10, HouseBlend, 4, 15, 2026-03-02 08:00:00, APPROVED).
  [ROW-ERR] fixed_asset_audits row 5: ERROR: new row for relation "fixed_asset_audits" violates check constraint "chk_audit_status"
  Detail: Failing row contains (20, 3, 2026-02-20, Origin, 6, 18, 2026-03-17 08:00:00, CLOSED).
[SKIP] fixed_asset_audits
  [SKIP-FK] fixed_asset_books.fixed_asset_id -> fixed_assets (empty ref)
[SKIP] fixed_asset_books
  [SKIP-FK] fixed_asset_depreciation_logs.fixed_asset_id -> fixed_assets (empty ref)
[SKIP] fixed_asset_depreciation_logs
  [SKIP-FK] fixed_asset_downtimes.fixed_asset_id -> fixed_assets (empty ref)
[SKIP] fixed_asset_downtimes
  [SKIP-FK] fixed_asset_fx_logs.fixed_asset_id -> fixed_assets (empty ref)
[SKIP] fixed_asset_fx_logs
  [SKIP-FK] fixed_asset_history.fixed_asset_id -> fixed_assets (empty ref)
[SKIP] fixed_asset_history
  [SKIP-FK] fixed_asset_impairments.fixed_asset_id -> fixed_assets (empty ref)
[SKIP] fixed_asset_impairments
  [SKIP-FK] fixed_asset_insurance_claims.fixed_asset_id -> fixed_assets (empty ref)
[SKIP] fixed_asset_insurance_claims
  [SKIP-FK] fixed_asset_leases.fixed_asset_id -> fixed_assets (empty ref)
[SKIP] fixed_asset_leases
  [SKIP-FK] fixed_asset_maintenance_plans.fixed_asset_id -> fixed_assets (empty ref)
[SKIP] fixed_asset_maintenance_plans
  [SKIP-FK] fixed_asset_maintenances.fixed_asset_id -> fixed_assets (empty ref)
[SKIP] fixed_asset_maintenances
  [SKIP-FK] fixed_asset_relations.source_asset_id -> fixed_assets (empty ref)
[SKIP] fixed_asset_relations
  [SKIP-FK] fixed_asset_reservations.fixed_asset_id -> fixed_assets (empty ref)
[SKIP] fixed_asset_reservations
  [SKIP-FK] fixed_asset_revaluations.fixed_asset_id -> fixed_assets (empty ref)
[SKIP] fixed_asset_revaluations
  [SKIP-FK] fixed_asset_transfers.fixed_asset_id -> fixed_assets (empty ref)
[SKIP] fixed_asset_transfers
  [SKIP-FK] fixed_asset_utilization.fixed_asset_id -> fixed_assets (empty ref)
[SKIP] fixed_asset_utilization
  [SKIP-FK] fixed_asset_work_orders.fixed_asset_id -> fixed_assets (empty ref)
[SKIP] fixed_asset_work_orders
  [SKIP-FK] fixed_assets.category_id -> asset_categories (empty ref)
[SKIP] fixed_assets
  [SKIP-FK] fx_deal_settlements.bank_account_id -> bank_accounts (empty ref)
[SKIP] fx_deal_settlements
  [SKIP-FK] goods_receipt_items.goods_receipt_id -> goods_receipts (empty ref)
[SKIP] goods_receipt_items
  [SKIP-FK] goods_receipts.purchase_order_id -> purchase_orders (empty ref)
[SKIP] goods_receipts
[28] Seeded gps_tracking_logs                                   5 rows
  [SKIP-FK] inventory_adjustment_items.adjustment_id -> inventory_adjustments (empty ref)
[SKIP] inventory_adjustment_items
  [ROW-ERR] inventory_adjustments row 1: ERROR: new row for relation "inventory_adjustments" violates check constraint "chk_adjustments_location"
  Detail: Failing row contains (16, R-01001, 3, 4, 12, DEBIT, ACTIVE, 0190b3f9-eff3-46e5-8f56-9876f1dbec94, Seed record #1 — Plus33 ERP., 207, 2026-01-16 08:00:00, 207, 2026-01-16 08:00:00, 207, 2026-01-16 08:00:00, 207, 2026-01-16 08:00:00, 207, 2026-01-16 08:00:00, Routine entry #1, 100).
  [ROW-ERR] inventory_adjustments row 2: ERROR: new row for relation "inventory_adjustments" violates check constraint "chk_adjustments_location"
  Detail: Failing row contains (17, R-02002, 3, 6, 14, CREDIT, PENDING, 33510465-23d0-4c66-994d-92d1a2dd0015, Seed record #2 — Plus33 ERP., 211, 2026-01-31 08:00:00, 211, 2026-01-31 08:00:00, 211, 2026-01-31 08:00:00, 211, 2026-01-31 08:00:00, 211, 2026-01-31 08:00:00, Routine entry #2, 200).
  [ROW-ERR] inventory_adjustments row 3: ERROR: new row for relation "inventory_adjustments" violates check constraint "chk_adjustments_location"
  Detail: Failing row contains (18, R-03003, 3, 5, 13, TRANSFER, DONE, 144fcd32-6b49-43dd-a4ff-3e98704d6398, Seed record #3 — Plus33 ERP., 212, 2026-02-15 08:00:00, 212, 2026-02-15 08:00:00, 212, 2026-02-15 08:00:00, 212, 2026-02-15 08:00:00, 212, 2026-02-15 08:00:00, Routine entry #3, 300).
  [ROW-ERR] inventory_adjustments row 4: ERROR: new row for relation "inventory_adjustments" violates check constraint "chk_adjustments_location"
  Detail: Failing row contains (19, R-04004, 3, 4, 15, ADJUSTMENT, APPROVED, c8744091-5ecf-4d8a-bfb0-83121f1763f8, Seed record #4 — Plus33 ERP., 213, 2026-03-02 08:00:00, 213, 2026-03-02 08:00:00, 213, 2026-03-02 08:00:00, 213, 2026-03-02 08:00:00, 213, 2026-03-02 08:00:00, Routine entry #4, 400).
  [ROW-ERR] inventory_adjustments row 5: ERROR: new row for relation "inventory_adjustments" violates check constraint "chk_adjustments_location"
  Detail: Failing row contains (20, R-05005, 3, 6, 18, REVERSAL, CLOSED, 25084bdb-7bf0-4424-9b81-55328999fe9d, Seed record #5 — Plus33 ERP., 214, 2026-03-17 08:00:00, 214, 2026-03-17 08:00:00, 214, 2026-03-17 08:00:00, 214, 2026-03-17 08:00:00, 214, 2026-03-17 08:00:00, Routine entry #5, 500).
[SKIP] inventory_adjustments
  [SKIP-FK] inventory_allocations.sales_order_item_id -> sales_order_items (empty ref)
[SKIP] inventory_allocations
  [ROW-ERR] inventory_serials row 1: ERROR: new row for relation "inventory_serials" violates check constraint "chk_serial_location"
  Detail: Failing row contains (16, 3, 261, 6, R-01001, 4, 12, ACTIVE, 100, 2026-01-16 08:00:00, 2026-01-21 08:00:00).
  [ROW-ERR] inventory_serials row 2: ERROR: new row for relation "inventory_serials" violates check constraint "chk_serial_location"
  Detail: Failing row contains (17, 3, 262, 6, R-02002, 6, 14, PENDING, 200, 2026-01-31 08:00:00, 2026-02-05 08:00:00).
  [ROW-ERR] inventory_serials row 3: ERROR: new row for relation "inventory_serials" violates check constraint "chk_serial_location"
  Detail: Failing row contains (18, 3, 263, 6, R-03003, 5, 13, DONE, 300, 2026-02-15 08:00:00, 2026-02-20 08:00:00).
  [ROW-ERR] inventory_serials row 4: ERROR: new row for relation "inventory_serials" violates check constraint "chk_serial_location"
  Detail: Failing row contains (19, 3, 264, 6, R-04004, 4, 15, APPROVED, 400, 2026-03-02 08:00:00, 2026-03-07 08:00:00).
  [ROW-ERR] inventory_serials row 5: ERROR: new row for relation "inventory_serials" violates check constraint "chk_serial_location"
  Detail: Failing row contains (20, 3, 265, 6, R-05005, 6, 18, CLOSED, 500, 2026-03-17 08:00:00, 2026-03-22 08:00:00).
[SKIP] inventory_serials
  [ROW-ERR] inventory_stock row 1: ERROR: new row for relation "inventory_stock" violates check constraint "chk_inventory_stock_location"
  Detail: Failing row contains (3076, 261, 4, 12, 25.00, 100, 25.00).
  [ROW-ERR] inventory_stock row 2: ERROR: new row for relation "inventory_stock" violates check constraint "chk_inventory_stock_location"
  Detail: Failing row contains (3077, 262, 6, 14, 50.00, 200, 50.00).
  [ROW-ERR] inventory_stock row 3: ERROR: new row for relation "inventory_stock" violates check constraint "chk_inventory_stock_location"
  Detail: Failing row contains (3078, 263, 5, 13, 75.00, 300, 75.00).
  [ROW-ERR] inventory_stock row 4: ERROR: new row for relation "inventory_stock" violates check constraint "chk_inventory_stock_location"
  Detail: Failing row contains (3079, 264, 4, 15, 100.00, 400, 100.00).
  [ROW-ERR] inventory_stock row 5: ERROR: new row for relation "inventory_stock" violates check constraint "chk_inventory_stock_location"
  Detail: Failing row contains (3080, 265, 6, 18, 125.00, 500, 125.00).
[SKIP] inventory_stock
  [ROW-ERR] inventory_trace_events row 1: ERROR: new row for relation "inventory_trace_events" violates check constraint "chk_trace_event_type"
  Detail: Failing row contains (16, 3, 261, 6, null, 4, 12, DEBIT, 25.00, DEBIT, 100, R-01001, Seed record #1 — Plus33 ERP., 207, 2026-01-16 08:00:00).
  [ROW-ERR] inventory_trace_events row 2: ERROR: new row for relation "inventory_trace_events" violates check constraint "chk_trace_event_type"
  Detail: Failing row contains (17, 3, 262, 6, null, 6, 14, CREDIT, 50.00, CREDIT, 200, R-02002, Seed record #2 — Plus33 ERP., 211, 2026-01-31 08:00:00).
  [ROW-ERR] inventory_trace_events row 3: ERROR: new row for relation "inventory_trace_events" violates check constraint "chk_trace_event_type"
  Detail: Failing row contains (18, 3, 263, 6, null, 5, 13, TRANSFER, 75.00, TRANSFER, 300, R-03003, Seed record #3 — Plus33 ERP., 212, 2026-02-15 08:00:00).
  [ROW-ERR] inventory_trace_events row 4: ERROR: new row for relation "inventory_trace_events" violates check constraint "chk_trace_location"
  Detail: Failing row contains (19, 3, 264, 6, null, 4, 15, ADJUSTMENT, 100.00, ADJUSTMENT, 400, R-04004, Seed record #4 — Plus33 ERP., 213, 2026-03-02 08:00:00).
  [ROW-ERR] inventory_trace_events row 5: ERROR: new row for relation "inventory_trace_events" violates check constraint "chk_trace_event_type"
  Detail: Failing row contains (20, 3, 265, 6, null, 6, 18, REVERSAL, 125.00, REVERSAL, 500, R-05005, Seed record #5 — Plus33 ERP., 214, 2026-03-17 08:00:00).
[SKIP] inventory_trace_events
  [SKIP-FK] inventory_transfer_items.transfer_id -> inventory_transfers (empty ref)
[SKIP] inventory_transfer_items
  [ROW-ERR] inventory_transfers row 1: ERROR: Source and destination warehouses cannot be the same
  Where: PL/pgSQL function validate_inventory_transfer() line 8 at RAISE
  [ROW-ERR] inventory_transfers row 2: ERROR: Source and destination warehouses cannot be the same
  Where: PL/pgSQL function validate_inventory_transfer() line 8 at RAISE
  [ROW-ERR] inventory_transfers row 3: ERROR: Source and destination warehouses cannot be the same
  Where: PL/pgSQL function validate_inventory_transfer() line 8 at RAISE
  [ROW-ERR] inventory_transfers row 4: ERROR: Source and destination warehouses cannot be the same
  Where: PL/pgSQL function validate_inventory_transfer() line 8 at RAISE
  [ROW-ERR] inventory_transfers row 5: ERROR: Source and destination warehouses cannot be the same
  Where: PL/pgSQL function validate_inventory_transfer() line 8 at RAISE
[SKIP] inventory_transfers
  [ROW-ERR] journal_entries row 1: ERROR: new row for relation "journal_entries" violates check constraint "chk_closing_type"
  Detail: Failing row contains (525, R-01001, 3, 2026-01-11, Seed record #1 — Plus33 ERP., MANUAL, MANUAL, ACTIVE, null, EUR, 2026-01-16 08:00:00, 207, 2026-01-16 08:00:00, 2026-01-21 08:00:00, f, DEBIT).
  [ROW-ERR] journal_entries row 2: ERROR: new row for relation "journal_entries" violates check constraint "chk_closing_type"
  Detail: Failing row contains (526, R-02002, 3, 2026-01-21, Seed record #2 — Plus33 ERP., AUTO, AUTO, PENDING, null, USD, 2026-01-31 08:00:00, 211, 2026-01-31 08:00:00, 2026-02-05 08:00:00, t, CREDIT).
  [ROW-ERR] journal_entries row 3: ERROR: new row for relation "journal_entries" violates check constraint "chk_closing_type"
  Detail: Failing row contains (527, R-03003, 3, 2026-01-31, Seed record #3 — Plus33 ERP., API, API, DONE, null, GBP, 2026-02-15 08:00:00, 212, 2026-02-15 08:00:00, 2026-02-20 08:00:00, f, TRANSFER).
  [ROW-ERR] journal_entries row 4: ERROR: new row for relation "journal_entries" violates check constraint "chk_journal_status"
  Detail: Failing row contains (528, R-04004, 3, 2026-02-10, Seed record #4 — Plus33 ERP., IMPORT, IMPORT, APPROVED, null, INR, 2026-03-02 08:00:00, 213, 2026-03-02 08:00:00, 2026-03-07 08:00:00, t, ADJUSTMENT).
  [ROW-ERR] journal_entries row 5: ERROR: new row for relation "journal_entries" violates check constraint "chk_closing_type"
  Detail: Failing row contains (529, R-05005, 3, 2026-02-20, Seed record #5 — Plus33 ERP., SYS, SYS, CLOSED, null, AED, 2026-03-17 08:00:00, 214, 2026-03-17 08:00:00, 2026-03-22 08:00:00, f, REVERSAL).
[SKIP] journal_entries
  [SKIP-FK] journal_entry_lines.journal_entry_id -> journal_entries (empty ref)
[SKIP] journal_entry_lines
  [SKIP-FK] leave_approval_history.leave_id -> employee_leaves (empty ref)
[SKIP] leave_approval_history
  [SKIP-FK] leave_documents.leave_id -> employee_leaves (empty ref)
[SKIP] leave_documents
[29] Seeded manufacturing_calendar_shifts                       5 rows
[30] Seeded overtime_rules                                      5 rows
  [SKIP-FK] payment_allocations.payment_id -> payments (empty ref)
[SKIP] payment_allocations
  [SKIP-FK] payment_batches.source_bank_account_id -> bank_accounts (empty ref)
[SKIP] payment_batches
  [SKIP-FK] payment_files.batch_id -> payment_batches (empty ref)
[SKIP] payment_files
  [SKIP-FK] payment_sanctions_logs.payment_id -> payments (empty ref)
[SKIP] payment_sanctions_logs
  [SKIP-FK] payment_transmission_history.queue_id -> payment_transmission_queue (empty ref)
[SKIP] payment_transmission_history
  [SKIP-FK] payment_transmission_logs.file_id -> payment_files (empty ref)
[SKIP] payment_transmission_logs
  [SKIP-FK] payment_transmission_queue.batch_id -> payment_batches (empty ref)
[SKIP] payment_transmission_queue
  [ROW-ERR] payments row 1: ERROR: new row for relation "payments" violates check constraint "chk_payment_method"
  Detail: Failing row contains (516, R-01001, 3, 2026-01-11, MANUAL, DEBIT, 1750.50, R-01001, null, EUR, 207, 2026-01-16 08:00:00, 2026-01-21 08:00:00, 31, ACTIVE, 2026-01-16 08:00:00, 207, Routine entry #1, 101, null).
  [ROW-ERR] payments row 2: ERROR: new row for relation "payments" violates check constraint "chk_payment_method"
  Detail: Failing row contains (517, R-02002, 3, 2026-01-21, AUTO, CREDIT, 2501.00, R-02002, null, USD, 211, 2026-01-31 08:00:00, 2026-02-05 08:00:00, 31, PENDING, 2026-01-31 08:00:00, 211, Routine entry #2, 101, null).
  [ROW-ERR] payments row 3: ERROR: new row for relation "payments" violates check constraint "chk_payment_method"
  Detail: Failing row contains (518, R-03003, 3, 2026-01-31, API, TRANSFER, 3251.50, R-03003, null, GBP, 212, 2026-02-15 08:00:00, 2026-02-20 08:00:00, 31, DONE, 2026-02-15 08:00:00, 212, Routine entry #3, 101, null).
  [ROW-ERR] payments row 4: ERROR: new row for relation "payments" violates check constraint "chk_payment_method"
  Detail: Failing row contains (519, R-04004, 3, 2026-02-10, IMPORT, ADJUSTMENT, 4002.00, R-04004, null, INR, 213, 2026-03-02 08:00:00, 2026-03-07 08:00:00, 31, APPROVED, 2026-03-02 08:00:00, 213, Routine entry #4, 101, null).
  [ROW-ERR] payments row 5: ERROR: new row for relation "payments" violates check constraint "chk_payment_method"
  Detail: Failing row contains (520, R-05005, 3, 2026-02-20, SYS, REVERSAL, 4752.50, R-05005, null, AED, 214, 2026-03-17 08:00:00, 2026-03-22 08:00:00, 31, CLOSED, 2026-03-17 08:00:00, 214, Routine entry #5, 101, null).
[SKIP] payments
[31] Seeded payroll_cost_allocations                            5 rows
[32] Seeded payroll_item_breakdowns                             5 rows
  [ROW-ERR] period_locks row 1: ERROR: new row for relation "period_locks" violates check constraint "chk_lock_type"
  Detail: Failing row contains (16, 3, 2026-01-11, DEBIT, Val_locked_1, 2026-01-16 08:00:00, Routine entry #1).
  [ROW-ERR] period_locks row 2: ERROR: new row for relation "period_locks" violates check constraint "chk_lock_type"
  Detail: Failing row contains (17, 3, 2026-01-21, CREDIT, Val_locked_2, 2026-01-31 08:00:00, Routine entry #2).
  [ROW-ERR] period_locks row 3: ERROR: new row for relation "period_locks" violates check constraint "chk_lock_type"
  Detail: Failing row contains (18, 3, 2026-01-31, TRANSFER, Val_locked_3, 2026-02-15 08:00:00, Routine entry #3).
  [ROW-ERR] period_locks row 4: ERROR: new row for relation "period_locks" violates check constraint "chk_lock_type"
  Detail: Failing row contains (19, 3, 2026-02-10, ADJUSTMENT, Val_locked_4, 2026-03-02 08:00:00, Routine entry #4).
  [ROW-ERR] period_locks row 5: ERROR: new row for relation "period_locks" violates check constraint "chk_lock_type"
  Detail: Failing row contains (20, 3, 2026-02-20, REVERSAL, Val_locked_5, 2026-03-17 08:00:00, Routine entry #5).
[SKIP] period_locks
  [SKIP-FK] pick_list_items.pick_list_id -> pick_lists (empty ref)
[SKIP] pick_list_items
  [ROW-ERR] pick_lists row 1: ERROR: new row for relation "pick_lists" violates check constraint "chk_pick_list_location"
  Detail: Failing row contains (11, 3, 3815, R-01001, faa51db0-0f4b-47dc-926b-e376ae070975, ACTIVE, 4, 12, 207, 207, 207, 207, 207, 207, 2026-01-16 08:00:00, 2026-01-16 08:00:00, 2026-01-16 08:00:00, 2026-01-16 08:00:00, 2026-01-16 08:00:00, 2026-01-16 08:00:00, Routine entry #1, 100).
  [ROW-ERR] pick_lists row 2: ERROR: new row for relation "pick_lists" violates check constraint "chk_pick_list_location"
  Detail: Failing row contains (12, 3, 3815, R-02002, e231ac01-d091-4e8d-95a1-e2c922ba2c4d, PENDING, 6, 14, 211, 211, 211, 211, 211, 211, 2026-01-31 08:00:00, 2026-01-31 08:00:00, 2026-01-31 08:00:00, 2026-01-31 08:00:00, 2026-01-31 08:00:00, 2026-01-31 08:00:00, Routine entry #2, 200).
  [ROW-ERR] pick_lists row 3: ERROR: new row for relation "pick_lists" violates check constraint "chk_pick_list_location"
  Detail: Failing row contains (13, 3, 3815, R-03003, 5674e1cb-63c2-4fb6-a6a9-e13d66c64294, DONE, 5, 13, 212, 212, 212, 212, 212, 212, 2026-02-15 08:00:00, 2026-02-15 08:00:00, 2026-02-15 08:00:00, 2026-02-15 08:00:00, 2026-02-15 08:00:00, 2026-02-15 08:00:00, Routine entry #3, 300).
  [ROW-ERR] pick_lists row 4: ERROR: new row for relation "pick_lists" violates check constraint "chk_pick_list_location"
  Detail: Failing row contains (14, 3, 3815, R-04004, 7dc6d8f2-20b0-4561-b4cf-ff82416ce16b, APPROVED, 4, 15, 213, 213, 213, 213, 213, 213, 2026-03-02 08:00:00, 2026-03-02 08:00:00, 2026-03-02 08:00:00, 2026-03-02 08:00:00, 2026-03-02 08:00:00, 2026-03-02 08:00:00, Routine entry #4, 400).
  [ROW-ERR] pick_lists row 5: ERROR: new row for relation "pick_lists" violates check constraint "chk_pick_list_location"
  Detail: Failing row contains (15, 3, 3815, R-05005, 8a731df5-8f73-49b7-9086-0eba5037e8d2, CLOSED, 6, 18, 214, 214, 214, 214, 214, 214, 2026-03-17 08:00:00, 2026-03-17 08:00:00, 2026-03-17 08:00:00, 2026-03-17 08:00:00, 2026-03-17 08:00:00, 2026-03-17 08:00:00, Routine entry #5, 500).
[SKIP] pick_lists
[33] Seeded platform_ai_prediction_explanation                  5 rows
[34] Seeded platform_aiops_model                                5 rows
[35] Seeded platform_autonomous_rerouting                       5 rows
[36] Seeded platform_capacity_forecast                          5 rows
[37] Seeded platform_carbon_footprint_log                       5 rows
[38] Seeded platform_device_diagnostic                          5 rows
[39] Seeded platform_eco_driving_log                            5 rows
[40] Seeded platform_edge_health_metric                         5 rows
[41] Seeded platform_edge_node                                  5 rows
[42] Seeded platform_ev_battery_health_log                      5 rows
[43] Seeded platform_ev_telemetry_log                           5 rows
[44] Seeded platform_failure_prognostics_log                    5 rows
[45] Seeded platform_finops_budget                              5 rows
[46] Seeded platform_fuel_optimization_policy                   5 rows
[47] Seeded platform_fuel_telemetry_log                         5 rows
[48] Seeded platform_geofence_event                             5 rows
[49] Seeded platform_graph_edge                                 5 rows
[50] Seeded platform_logistics_delay_prediction                 5 rows
[51] Seeded platform_predictive_maintenance_forecast            5 rows
[52] Seeded platform_predictive_maintenance_policy              5 rows
[53] Seeded platform_region_profile                             5 rows
[54] Seeded platform_route_simulation_run                       5 rows
[55] Seeded platform_slo_measurement                            5 rows
[56] Seeded platform_twin_prediction_snapshot                   5 rows
[57] Seeded platform_twin_simulation_result                     5 rows
[58] Seeded platform_vehicle_telemetry                          5 rows
  [SKIP-FK] positive_pay_files.bank_account_id -> bank_accounts (empty ref)
[SKIP] positive_pay_files
  [SKIP-FK] positive_pay_items.positive_pay_file_id -> positive_pay_files (empty ref)
[SKIP] positive_pay_items
  [ROW-ERR] production_material_issues row 1: ERROR: ON CONFLICT does not support deferrable unique constraints/exclusion constraints as arbiters
  [ROW-ERR] production_material_issues row 2: ERROR: ON CONFLICT does not support deferrable unique constraints/exclusion constraints as arbiters
  [ROW-ERR] production_material_issues row 3: ERROR: ON CONFLICT does not support deferrable unique constraints/exclusion constraints as arbiters
  [ROW-ERR] production_material_issues row 4: ERROR: ON CONFLICT does not support deferrable unique constraints/exclusion constraints as arbiters
  [ROW-ERR] production_material_issues row 5: ERROR: ON CONFLICT does not support deferrable unique constraints/exclusion constraints as arbiters
[SKIP] production_material_issues
  [SKIP-FK] purchase_order_items.purchase_order_id -> purchase_orders (empty ref)
[SKIP] purchase_order_items
  [ROW-ERR] purchase_orders row 1: ERROR: new row for relation "purchase_orders" violates check constraint "chk_purchase_orders_status"
  Detail: Failing row contains (166, R-01001, 31, null, 207, 2026-01-11, ACTIVE, 2026-01-16 08:00:00, 3, Seed record #1 — Plus33 ERP., 207, 2026-01-16 08:00:00, 207, 2026-01-16 08:00:00, Routine entry #1, 2026-01-21 08:00:00, 2026-01-16 08:00:00, 2026-02-15 08:00:00, 15.00, 1750.50, 1750.50, 1750.50, 1750.50, EUR, 100).
  [ROW-ERR] purchase_orders row 2: ERROR: new row for relation "purchase_orders" violates check constraint "chk_purchase_orders_status"
  Detail: Failing row contains (167, R-02002, 31, null, 211, 2026-01-21, PENDING, 2026-01-31 08:00:00, 3, Seed record #2 — Plus33 ERP., 211, 2026-01-31 08:00:00, 211, 2026-01-31 08:00:00, Routine entry #2, 2026-02-05 08:00:00, 2026-01-31 08:00:00, 2026-03-02 08:00:00, 19.50, 2501.00, 2501.00, 2501.00, 2501.00, USD, 200).
  [ROW-ERR] purchase_orders row 3: ERROR: new row for relation "purchase_orders" violates check constraint "chk_purchase_orders_status"
  Detail: Failing row contains (168, R-03003, 31, null, 212, 2026-01-31, DONE, 2026-02-15 08:00:00, 3, Seed record #3 — Plus33 ERP., 212, 2026-02-15 08:00:00, 212, 2026-02-15 08:00:00, Routine entry #3, 2026-02-20 08:00:00, 2026-02-15 08:00:00, 2026-03-17 08:00:00, 24.00, 3251.50, 3251.50, 3251.50, 3251.50, GBP, 300).
  [ROW-ERR] purchase_orders row 4: ERROR: new row for relation "purchase_orders" violates check constraint "chk_purchase_orders_status"
  Detail: Failing row contains (169, R-04004, 31, null, 213, 2026-02-10, APPROVED, 2026-03-02 08:00:00, 3, Seed record #4 — Plus33 ERP., 213, 2026-03-02 08:00:00, 213, 2026-03-02 08:00:00, Routine entry #4, 2026-03-07 08:00:00, 2026-03-02 08:00:00, 2026-04-01 08:00:00, 28.50, 4002.00, 4002.00, 4002.00, 4002.00, INR, 400).
[59] Seeded purchase_orders                                     1 rows
  [SKIP-FK] purchase_request_items.purchase_request_id -> purchase_requests (empty ref)
[SKIP] purchase_request_items
  [ROW-ERR] purchase_requests row 1: ERROR: new row for relation "purchase_requests" violates check constraint "chk_purchase_requests_location"
  Detail: Failing row contains (66, R-01001, 207, 4, 12, ACTIVE, 2026-01-16 08:00:00, 3, 31, 207, 207, 2026-01-11, 2026-01-11, Seed record #1 — Plus33 ERP., 2026-01-16 08:00:00, 2026-01-16 08:00:00, 2026-01-16 08:00:00, 2026-01-16 08:00:00, 2026-01-16 08:00:00, Routine entry #1, Routine entry #1, null, 2026-01-16 08:00:00, 2026-01-21 08:00:00).
  [ROW-ERR] purchase_requests row 2: ERROR: new row for relation "purchase_requests" violates check constraint "chk_purchase_requests_location"
  Detail: Failing row contains (67, R-02002, 211, 6, 14, PENDING, 2026-01-31 08:00:00, 3, 31, 211, 211, 2026-01-21, 2026-01-21, Seed record #2 — Plus33 ERP., 2026-01-31 08:00:00, 2026-01-31 08:00:00, 2026-01-31 08:00:00, 2026-01-31 08:00:00, 2026-01-31 08:00:00, Routine entry #2, Routine entry #2, null, 2026-01-31 08:00:00, 2026-02-05 08:00:00).
  [ROW-ERR] purchase_requests row 3: ERROR: new row for relation "purchase_requests" violates check constraint "chk_purchase_requests_location"
  Detail: Failing row contains (68, R-03003, 212, 5, 13, DONE, 2026-02-15 08:00:00, 3, 31, 212, 212, 2026-01-31, 2026-01-31, Seed record #3 — Plus33 ERP., 2026-02-15 08:00:00, 2026-02-15 08:00:00, 2026-02-15 08:00:00, 2026-02-15 08:00:00, 2026-02-15 08:00:00, Routine entry #3, Routine entry #3, null, 2026-02-15 08:00:00, 2026-02-20 08:00:00).
  [ROW-ERR] purchase_requests row 4: ERROR: new row for relation "purchase_requests" violates check constraint "chk_purchase_requests_location"
  Detail: Failing row contains (69, R-04004, 213, 4, 15, APPROVED, 2026-03-02 08:00:00, 3, 31, 213, 213, 2026-02-10, 2026-02-10, Seed record #4 — Plus33 ERP., 2026-03-02 08:00:00, 2026-03-02 08:00:00, 2026-03-02 08:00:00, 2026-03-02 08:00:00, 2026-03-02 08:00:00, Routine entry #4, Routine entry #4, null, 2026-03-02 08:00:00, 2026-03-07 08:00:00).
  [ROW-ERR] purchase_requests row 5: ERROR: new row for relation "purchase_requests" violates check constraint "chk_purchase_requests_location"
  Detail: Failing row contains (70, R-05005, 214, 6, 18, CLOSED, 2026-03-17 08:00:00, 3, 31, 214, 214, 2026-02-20, 2026-02-20, Seed record #5 — Plus33 ERP., 2026-03-17 08:00:00, 2026-03-17 08:00:00, 2026-03-17 08:00:00, 2026-03-17 08:00:00, 2026-03-17 08:00:00, Routine entry #5, Routine entry #5, null, 2026-03-17 08:00:00, 2026-03-22 08:00:00).
[SKIP] purchase_requests
  [ROW-ERR] replenishment_rules row 1: ERROR: new row for relation "replenishment_rules" violates check constraint "chk_rule_location"
  Detail: Failing row contains (16, 3, 261, 4, 12, 25.00, 25.00, 1750.50, 25.00, 60, f, 28b82863-dbe3-4612-89eb-96eb5f133261, 100, 2026-01-16 08:00:00, 2026-01-21 08:00:00).
  [ROW-ERR] replenishment_rules row 2: ERROR: new row for relation "replenishment_rules" violates check constraint "chk_rule_location"
  Detail: Failing row contains (17, 3, 262, 6, 14, 50.00, 50.00, 2501.00, 50.00, 120, t, d034c397-84fe-4b68-9c64-c9da8c3da5db, 200, 2026-01-31 08:00:00, 2026-02-05 08:00:00).
  [ROW-ERR] replenishment_rules row 3: ERROR: new row for relation "replenishment_rules" violates check constraint "chk_rule_location"
  Detail: Failing row contains (18, 3, 263, 5, 13, 75.00, 75.00, 3251.50, 75.00, 180, f, a40ca1bc-67bb-40f7-a41d-42fc8533ae03, 300, 2026-02-15 08:00:00, 2026-02-20 08:00:00).
  [ROW-ERR] replenishment_rules row 4: ERROR: new row for relation "replenishment_rules" violates check constraint "chk_rule_location"
  Detail: Failing row contains (19, 3, 264, 4, 15, 100.00, 100.00, 4002.00, 100.00, 240, t, bd3577c0-f450-4478-9f71-3f158b595e3a, 400, 2026-03-02 08:00:00, 2026-03-07 08:00:00).
  [ROW-ERR] replenishment_rules row 5: ERROR: new row for relation "replenishment_rules" violates check constraint "chk_rule_location"
  Detail: Failing row contains (20, 3, 265, 6, 18, 125.00, 125.00, 4752.50, 125.00, 300, f, 3f11b24f-ea80-4aac-ba0e-fe40821b67f3, 500, 2026-03-17 08:00:00, 2026-03-22 08:00:00).
[SKIP] replenishment_rules
  [SKIP-FK] replenishment_suggestions.rule_id -> replenishment_rules (empty ref)
[SKIP] replenishment_suggestions
  [ROW-ERR] sales_order_items row 1: ERROR: ON CONFLICT does not support deferrable unique constraints/exclusion constraints as arbiters
  [ROW-ERR] sales_order_items row 2: ERROR: ON CONFLICT does not support deferrable unique constraints/exclusion constraints as arbiters
  [ROW-ERR] sales_order_items row 3: ERROR: ON CONFLICT does not support deferrable unique constraints/exclusion constraints as arbiters
  [ROW-ERR] sales_order_items row 4: ERROR: ON CONFLICT does not support deferrable unique constraints/exclusion constraints as arbiters
  [ROW-ERR] sales_order_items row 5: ERROR: ON CONFLICT does not support deferrable unique constraints/exclusion constraints as arbiters
[SKIP] sales_order_items
[60] Seeded shifts                                              5 rows
[61] Seeded stg_crm                                             5 rows
  [ROW-ERR] stock_adjustments row 1: ERROR: new row for relation "stock_adjustments" violates check constraint "chk_stock_adjustments_location"
  Detail: Failing row contains (66, R-01001, 4, 12, 261, 25.00, 25.00, Routine entry #1, 207, 2026-01-16 08:00:00).
  [ROW-ERR] stock_adjustments row 2: ERROR: new row for relation "stock_adjustments" violates check constraint "chk_stock_adjustments_location"
  Detail: Failing row contains (67, R-02002, 6, 14, 262, 50.00, 50.00, Routine entry #2, 211, 2026-01-31 08:00:00).
  [ROW-ERR] stock_adjustments row 3: ERROR: new row for relation "stock_adjustments" violates check constraint "chk_stock_adjustments_location"
  Detail: Failing row contains (68, R-03003, 5, 13, 263, 75.00, 75.00, Routine entry #3, 212, 2026-02-15 08:00:00).
  [ROW-ERR] stock_adjustments row 4: ERROR: new row for relation "stock_adjustments" violates check constraint "chk_stock_adjustments_location"
  Detail: Failing row contains (69, R-04004, 4, 15, 264, 100.00, 100.00, Routine entry #4, 213, 2026-03-02 08:00:00).
  [ROW-ERR] stock_adjustments row 5: ERROR: new row for relation "stock_adjustments" violates check constraint "chk_stock_adjustments_location"
  Detail: Failing row contains (70, R-05005, 6, 18, 265, 125.00, 125.00, Routine entry #5, 214, 2026-03-17 08:00:00).
[SKIP] stock_adjustments
  [SKIP-FK] stock_count_items.stock_count_id -> stock_counts (empty ref)
[SKIP] stock_count_items
  [ROW-ERR] stock_counts row 1: ERROR: new row for relation "stock_counts" violates check constraint "chk_stock_counts_location"
  Detail: Failing row contains (36, R-01001, 3, 4, 12, ACTIVE, DEBIT, f, 207, null, f, 15.00, 71ae40e5-8bc1-422d-a21e-9a1de33003d7, Seed record #1 — Plus33 ERP., Routine entry #1, 1, 207, 2026-01-16 08:00:00, 207, 2026-01-16 08:00:00, 207, 2026-01-16 08:00:00, 207, 2026-01-16 08:00:00, 207, 2026-01-16 08:00:00, 207, 2026-01-16 08:00:00, 207, 2026-02-15 08:00:00, 100).
  [ROW-ERR] stock_counts row 2: ERROR: new row for relation "stock_counts" violates check constraint "chk_stock_counts_location"
  Detail: Failing row contains (37, R-02002, 3, 6, 14, PENDING, CREDIT, t, 211, null, t, 19.50, 124b91e3-6ab3-4338-96a2-513b8ae43759, Seed record #2 — Plus33 ERP., Routine entry #2, 2, 211, 2026-01-31 08:00:00, 211, 2026-01-31 08:00:00, 211, 2026-01-31 08:00:00, 211, 2026-01-31 08:00:00, 211, 2026-01-31 08:00:00, 211, 2026-01-31 08:00:00, 211, 2026-03-02 08:00:00, 200).
  [ROW-ERR] stock_counts row 3: ERROR: new row for relation "stock_counts" violates check constraint "chk_stock_counts_location"
  Detail: Failing row contains (38, R-03003, 3, 5, 13, DONE, TRANSFER, f, 212, null, f, 24.00, c720e73a-9b09-4991-9d6a-6e86754cb891, Seed record #3 — Plus33 ERP., Routine entry #3, 3, 212, 2026-02-15 08:00:00, 212, 2026-02-15 08:00:00, 212, 2026-02-15 08:00:00, 212, 2026-02-15 08:00:00, 212, 2026-02-15 08:00:00, 212, 2026-02-15 08:00:00, 212, 2026-03-17 08:00:00, 300).
  [ROW-ERR] stock_counts row 4: ERROR: new row for relation "stock_counts" violates check constraint "chk_stock_counts_location"
  Detail: Failing row contains (39, R-04004, 3, 4, 15, APPROVED, ADJUSTMENT, t, 213, null, t, 28.50, 2d098c90-6d0d-43f9-81cd-f7d986bda8b4, Seed record #4 — Plus33 ERP., Routine entry #4, 4, 213, 2026-03-02 08:00:00, 213, 2026-03-02 08:00:00, 213, 2026-03-02 08:00:00, 213, 2026-03-02 08:00:00, 213, 2026-03-02 08:00:00, 213, 2026-03-02 08:00:00, 213, 2026-04-01 08:00:00, 400).
  [ROW-ERR] stock_counts row 5: ERROR: new row for relation "stock_counts" violates check constraint "chk_stock_counts_location"
  Detail: Failing row contains (40, R-05005, 3, 6, 18, CLOSED, REVERSAL, f, 214, null, f, 33.00, c952041a-e283-4c8b-807a-0da88065d9cf, Seed record #5 — Plus33 ERP., Routine entry #5, 5, 214, 2026-03-17 08:00:00, 214, 2026-03-17 08:00:00, 214, 2026-03-17 08:00:00, 214, 2026-03-17 08:00:00, 214, 2026-03-17 08:00:00, 214, 2026-03-17 08:00:00, 214, 2026-04-16 08:00:00, 500).
[SKIP] stock_counts
  [ROW-ERR] stock_movements row 1: ERROR: new row for relation "stock_movements" violates check constraint "chk_stock_movements_location"
  Detail: Failing row contains (2516, 261, 4, 12, DEBIT, 25.00, R-01001, 2026-01-16 08:00:00, 207, DEBIT, null, R-01001).
  [ROW-ERR] stock_movements row 2: ERROR: new row for relation "stock_movements" violates check constraint "chk_stock_movements_location"
  Detail: Failing row contains (2517, 262, 6, 14, CREDIT, 50.00, R-02002, 2026-01-31 08:00:00, 211, CREDIT, null, R-02002).
  [ROW-ERR] stock_movements row 3: ERROR: new row for relation "stock_movements" violates check constraint "chk_stock_movements_location"
  Detail: Failing row contains (2518, 263, 5, 13, TRANSFER, 75.00, R-03003, 2026-02-15 08:00:00, 212, TRANSFER, null, R-03003).
  [ROW-ERR] stock_movements row 4: ERROR: new row for relation "stock_movements" violates check constraint "chk_stock_movements_location"
  Detail: Failing row contains (2519, 264, 4, 15, ADJUSTMENT, 100.00, R-04004, 2026-03-02 08:00:00, 213, ADJUSTMENT, null, R-04004).
  [ROW-ERR] stock_movements row 5: ERROR: new row for relation "stock_movements" violates check constraint "chk_stock_movements_location"
  Detail: Failing row contains (2520, 265, 6, 18, REVERSAL, 125.00, R-05005, 2026-03-17 08:00:00, 214, REVERSAL, null, R-05005).
[SKIP] stock_movements
  [SKIP-FK] stock_transfer_items.stock_transfer_id -> stock_transfers (empty ref)
[SKIP] stock_transfer_items
  [ROW-ERR] stock_transfers row 1: ERROR: new row for relation "stock_transfers" violates check constraint "chk_stock_transfers_destination"
  Detail: Failing row contains (66, R-01001, 4, 12, 4, 12, 207, ACTIVE, 2026-01-16 08:00:00, 207, 2026-01-16 08:00:00, 2026-01-16 08:00:00).
  [ROW-ERR] stock_transfers row 2: ERROR: new row for relation "stock_transfers" violates check constraint "chk_stock_transfers_destination"
  Detail: Failing row contains (67, R-02002, 6, 14, 6, 14, 211, PENDING, 2026-01-31 08:00:00, 211, 2026-01-31 08:00:00, 2026-01-31 08:00:00).
  [ROW-ERR] stock_transfers row 3: ERROR: new row for relation "stock_transfers" violates check constraint "chk_stock_transfers_destination"
  Detail: Failing row contains (68, R-03003, 5, 13, 5, 13, 212, DONE, 2026-02-15 08:00:00, 212, 2026-02-15 08:00:00, 2026-02-15 08:00:00).
  [ROW-ERR] stock_transfers row 4: ERROR: new row for relation "stock_transfers" violates check constraint "chk_stock_transfers_destination"
  Detail: Failing row contains (69, R-04004, 4, 15, 4, 15, 213, APPROVED, 2026-03-02 08:00:00, 213, 2026-03-02 08:00:00, 2026-03-02 08:00:00).
  [ROW-ERR] stock_transfers row 5: ERROR: new row for relation "stock_transfers" violates check constraint "chk_stock_transfers_destination"
  Detail: Failing row contains (70, R-05005, 6, 18, 6, 18, 214, CLOSED, 2026-03-17 08:00:00, 214, 2026-03-17 08:00:00, 2026-03-17 08:00:00).
[SKIP] stock_transfers
  [SKIP-FK] supplier_invoice_items.purchase_order_item_id -> purchase_order_items (empty ref)
[SKIP] supplier_invoice_items
[62] Seeded tax_determination_rules                             5 rows
  [ROW-ERR] tax_registrations row 1: ERROR: new row for relation "tax_registrations" violates check constraint "tax_registrations_entity_type_check"
  Detail: Failing row contains (16, DEBIT, 100, Val_tax_sc_1, R-01001, Val_tax_of_1, DAILY, EUR, f, ACTIVE, 2026-01-11, 2026-03-12, f).
  [ROW-ERR] tax_registrations row 2: ERROR: new row for relation "tax_registrations" violates check constraint "tax_registrations_entity_type_check"
  Detail: Failing row contains (17, CREDIT, 200, Val_tax_sc_2, R-02002, Val_tax_of_2, WEEKLY, USD, t, PENDING, 2026-01-21, 2026-03-22, t).
  [ROW-ERR] tax_registrations row 3: ERROR: new row for relation "tax_registrations" violates check constraint "tax_registrations_entity_type_check"
  Detail: Failing row contains (18, TRANSFER, 300, Val_tax_sc_3, R-03003, Val_tax_of_3, MONTHLY, GBP, f, DONE, 2026-01-31, 2026-04-01, f).
  [ROW-ERR] tax_registrations row 4: ERROR: new row for relation "tax_registrations" violates check constraint "tax_registrations_entity_type_check"
  Detail: Failing row contains (19, ADJUSTMENT, 400, Val_tax_sc_4, R-04004, Val_tax_of_4, QRTLY, INR, t, APPROVED, 2026-02-10, 2026-04-11, t).
  [ROW-ERR] tax_registrations row 5: ERROR: new row for relation "tax_registrations" violates check constraint "tax_registrations_entity_type_check"
  Detail: Failing row contains (20, REVERSAL, 500, Val_tax_sc_5, R-05005, Val_tax_of_5, ANNUAL, AED, f, CLOSED, 2026-02-20, 2026-04-21, f).
[SKIP] tax_registrations
  [ROW-ERR] treasury_authorization_matrices row 1: ERROR: new row for relation "treasury_authorization_matrices" violates check constraint "chk_auth_matrix_limit"
  Detail: Failing row contains (16, 3, 1750.50, 1750.50, MGR, f, 2026-01-16 08:00:00).
  [ROW-ERR] treasury_authorization_matrices row 2: ERROR: new row for relation "treasury_authorization_matrices" violates check constraint "chk_auth_matrix_limit"
  Detail: Failing row contains (17, 3, 2501.00, 2501.00, BARISTA, t, 2026-01-31 08:00:00).
  [ROW-ERR] treasury_authorization_matrices row 3: ERROR: new row for relation "treasury_authorization_matrices" violates check constraint "chk_auth_matrix_limit"
  Detail: Failing row contains (18, 3, 3251.50, 3251.50, SUP, f, 2026-02-15 08:00:00).
  [ROW-ERR] treasury_authorization_matrices row 4: ERROR: new row for relation "treasury_authorization_matrices" violates check constraint "chk_auth_matrix_limit"
  Detail: Failing row contains (19, 3, 4002.00, 4002.00, ACCT, t, 2026-03-02 08:00:00).
  [ROW-ERR] treasury_authorization_matrices row 5: ERROR: new row for relation "treasury_authorization_matrices" violates check constraint "chk_auth_matrix_limit"
  Detail: Failing row contains (20, 3, 4752.50, 4752.50, AUDIT, f, 2026-03-17 08:00:00).
[SKIP] treasury_authorization_matrices
[63] Seeded treasury_counterparties                             5 rows
  [SKIP-FK] treasury_investments.bank_account_id -> bank_accounts (empty ref)
[SKIP] treasury_investments
  [ROW-ERR] treasury_journal_entries row 3: ERROR: new row for relation "treasury_journal_entries" violates check constraint "treasury_journal_entries_entry_type_check"
  Detail: Failing row contains (9, 3, TRANSFER, 300, R-03003, 27, TRANSF, 3251.500000, GBP, 3251.500000, GBP, 24.000000, 2026-01-31, 2026-01-31, Seed record #3 — Plus33 ERP., Val_posted_3, 2026-02-15 08:00:00).
  [ROW-ERR] treasury_journal_entries row 4: ERROR: new row for relation "treasury_journal_entries" violates check constraint "treasury_journal_entries_entry_type_check"
  Detail: Failing row contains (10, 3, ADJUSTMENT, 400, R-04004, 28, ADJUST, 4002.000000, INR, 4002.000000, INR, 28.500000, 2026-02-10, 2026-02-10, Seed record #4 — Plus33 ERP., Val_posted_4, 2026-03-02 08:00:00).
  [ROW-ERR] treasury_journal_entries row 5: ERROR: new row for relation "treasury_journal_entries" violates check constraint "treasury_journal_entries_entry_type_check"
  Detail: Failing row contains (11, 3, REVERSAL, 500, R-05005, 27, REVERS, 4752.500000, AED, 4752.500000, AED, 33.000000, 2026-02-20, 2026-02-20, Seed record #5 — Plus33 ERP., Val_posted_5, 2026-03-17 08:00:00).
[64] Seeded treasury_journal_entries                            2 rows
  [ROW-ERR] treasury_risk_policies row 1: ERROR: new row for relation "treasury_risk_policies" violates check constraint "treasury_risk_policies_breach_action_check"
  Detail: Failing row contains (5, 3, A, Arabica, EUR, null, R-01001, DEBIT, 1750.50, 999.99, CREATE, 2026-01-11, 2026-03-12, f, Val_create_1, 2026-01-16 08:00:00, 2026-01-21 08:00:00).
  [ROW-ERR] treasury_risk_policies row 2: ERROR: new row for relation "treasury_risk_policies" violates check constraint "treasury_risk_policies_breach_action_check"
  Detail: Failing row contains (6, 3, B, Robusta, USD, null, R-02002, CREDIT, 2501.00, 999.99, UPDATE, 2026-01-21, 2026-03-22, t, Val_create_2, 2026-01-31 08:00:00, 2026-02-05 08:00:00).
  [ROW-ERR] treasury_risk_policies row 3: ERROR: new row for relation "treasury_risk_policies" violates check constraint "treasury_risk_policies_breach_action_check"
  Detail: Failing row contains (7, 3, C, Espresso, GBP, null, R-03003, TRANSFER, 3251.50, 999.99, APPROVE, 2026-01-31, 2026-04-01, f, Val_create_3, 2026-02-15 08:00:00, 2026-02-20 08:00:00).
  [ROW-ERR] treasury_risk_policies row 4: ERROR: new row for relation "treasury_risk_policies" violates check constraint "treasury_risk_policies_breach_action_check"
  Detail: Failing row contains (8, 3, D, HouseBlend, INR, null, R-04004, ADJUSTMENT, 4002.00, 999.99, REJECT, 2026-02-10, 2026-04-11, t, Val_create_4, 2026-03-02 08:00:00, 2026-03-07 08:00:00).
  [ROW-ERR] treasury_risk_policies row 5: ERROR: new row for relation "treasury_risk_policies" violates check constraint "treasury_risk_policies_breach_action_check"
  Detail: Failing row contains (9, 3, E, Origin, AED, null, R-05005, REVERSAL, 4752.50, 999.99, DONE, 2026-02-20, 2026-04-21, f, Val_create_5, 2026-03-17 08:00:00, 2026-03-22 08:00:00).
[SKIP] treasury_risk_policies

Total tables seeded: 64
Done! Run UpdateTableSamplesTest to refresh table_samples.txt.
]]></system-out>
  </testcase>
</testsuite>